<?xml version="1.0" encoding="UTF-8"?>
<!-- Generated by org.testng.reporters.JUnitReportReporter -->
<testsuite skipped="0" hostname="DESKTOP-GTR54PF" name="testcases.AddEmployeeTest" tests="1" failures="0" timestamp="2021-10-26T11:38:01 AMT" time="28.849" errors="0">
  <testcase name="addEmployee" time="28.849" classname="testcases.AddEmployeeTest"/>
  <system-out/>
</testsuite> <!-- testcases.AddEmployeeTest -->
